<?xml version="1.0" encoding="UTF-8"?>
<!-- Generated by org.testng.reporters.JUnitReportReporter -->
<testsuite skipped="0" hostname="jagadeesh-HP-EliteBook-840-G2" name="test_scenarios.GambitTestScenarios" tests="4" failures="0" timestamp="01 Apr 2019 14:46:58 GMT" time="117.974" errors="0">
  <testcase name="headerCollapseExpand" time="4.828" classname="test_scenarios.GambitTestScenarios"/>
  <testcase name="Player_And_Games_Tabs" time="7.314" classname="test_scenarios.GambitTestScenarios"/>
  <testcase name="scroll_player_tab" time="45.718" classname="test_scenarios.GambitTestScenarios"/>
  <testcase name="search" time="60.114" classname="test_scenarios.GambitTestScenarios"/>
</testsuite> <!-- test_scenarios.GambitTestScenarios -->
