<?xml version="1.0" encoding="UTF-8"?>
<!-- Generated by org.testng.reporters.JUnitReportReporter -->
<testsuite skipped="0" hostname="jagadeesh-HP-EliteBook-840-G2" name="test_scenarios.GambitTestScenarios" tests="4" failures="0" timestamp="01 Apr 2019 17:02:25 GMT" time="121.425" errors="0">
  <testcase name="headerCollapseExpand" time="9.880" classname="test_scenarios.GambitTestScenarios"/>
  <testcase name="Player_And_Games_Tabs" time="5.206" classname="test_scenarios.GambitTestScenarios"/>
  <testcase name="scroll_player_tab" time="45.841" classname="test_scenarios.GambitTestScenarios"/>
  <testcase name="search" time="60.498" classname="test_scenarios.GambitTestScenarios"/>
</testsuite> <!-- test_scenarios.GambitTestScenarios -->
