<?xml version="1.0" encoding="UTF-8"?>
<!-- Generated by org.testng.reporters.JUnitReportReporter -->
<testsuite skipped="0" hostname="jagadeesh-HP-EliteBook-840-G2" name="test_scenarios.GambitTestScenarios" tests="4" failures="0" timestamp="01 Apr 2019 13:45:26 GMT" time="116.625" errors="0">
  <testcase name="headerCollapseExpand" time="4.310" classname="test_scenarios.GambitTestScenarios"/>
  <testcase name="Player_And_Games_Tabs" time="6.763" classname="test_scenarios.GambitTestScenarios"/>
  <testcase name="scroll_player_tab" time="42.133" classname="test_scenarios.GambitTestScenarios"/>
  <testcase name="search" time="63.419" classname="test_scenarios.GambitTestScenarios"/>
</testsuite> <!-- test_scenarios.GambitTestScenarios -->
