<?xml version="1.0" encoding="UTF-8"?>
<!-- Generated by org.testng.reporters.JUnitReportReporter -->
<testsuite skipped="0" hostname="jagadeesh-HP-EliteBook-840-G2" name="test_scenarios.GambitTestScenarios" tests="4" failures="0" timestamp="01 Apr 2019 16:19:30 GMT" time="129.368" errors="0">
  <testcase name="headerCollapseExpand" time="5.961" classname="test_scenarios.GambitTestScenarios"/>
  <testcase name="Player_And_Games_Tabs" time="5.912" classname="test_scenarios.GambitTestScenarios"/>
  <testcase name="scroll_player_tab" time="57.480" classname="test_scenarios.GambitTestScenarios"/>
  <testcase name="search" time="60.015" classname="test_scenarios.GambitTestScenarios"/>
</testsuite> <!-- test_scenarios.GambitTestScenarios -->
